# JRE version: OpenJDK Runtime Environment Zulu15.44+13-CA (15.0.9+5) (build 15.0.9+5-MTS)
# Java VM: OpenJDK 64-Bit Server VM Zulu15.44+13-CA (15.0.9+5-MTS, mixed mode, sharing, tiered, compressed oops, g1 gc, windows-amd64)
GC Precious Log:
 CPUs: 4 total, 4 available
 Memory: 6088M
 Large Page Support: Disabled
 NUMA Support: Disabled
 Compressed Oops: Enabled (32-bit)
 Heap Region Size: 1M
 Heap Min Capacity: 256M
 Heap Initial Capacity: 256M
 Heap Max Capacity: 512M
 Pre-touch: Disabled
 Parallel Workers: 4
 Concurrent Workers: 1
 Concurrent Refinement Workers: 4
 Periodic GC: Disabled
Heap:
 garbage-first heap   total 301056K, used 242444K [0x00000000e0000000, 0x0000000100000000)
  region size 1024K, 87 young (89088K), 6 survivors (6144K)
 Metaspace       used 86277K, capacity 87518K, committed 88528K, reserved 331776K
  class space    used 10786K, capacity 11115K, committed 11392K, reserved 253952K
GC Heap History (20 events):
Event: 2343.130 GC heap before
{Heap before GC invocations=23 (full 0):
 garbage-first heap   total 278528K, used 238030K [0x00000000e0000000, 0x0000000100000000)
  region size 1024K, 84 young (86016K), 1 survivors (1024K)
 Metaspace       used 75602K, capacity 76716K, committed 77648K, reserved 323584K
  class space    used 9456K, capacity 9721K, committed 9984K, reserved 253952K
}
Event: 2343.136 GC heap after
{Heap after GC invocations=24 (full 0):
 garbage-first heap   total 278528K, used 157523K [0x00000000e0000000, 0x0000000100000000)
  region size 1024K, 5 young (5120K), 5 survivors (5120K)
 Metaspace       used 75602K, capacity 76716K, committed 77648K, reserved 323584K
  class space    used 9456K, capacity 9721K, committed 9984K, reserved 253952K
}
Event: 4855.568 GC heap before
{Heap before GC invocations=24 (full 0):
 garbage-first heap   total 278528K, used 237395K [0x00000000e0000000, 0x0000000100000000)
  region size 1024K, 84 young (86016K), 5 survivors (5120K)
 Metaspace       used 76622K, capacity 77952K, committed 78416K, reserved 323584K
  class space    used 9587K, capacity 9902K, committed 9984K, reserved 253952K
}
Event: 4855.699 GC heap after
{Heap after GC invocations=25 (full 0):
 garbage-first heap   total 278528K, used 161509K [0x00000000e0000000, 0x0000000100000000)
  region size 1024K, 8 young (8192K), 8 survivors (8192K)
 Metaspace       used 76622K, capacity 77952K, committed 78416K, reserved 323584K
  class space    used 9587K, capacity 9902K, committed 9984K, reserved 253952K
}
Event: 4855.807 GC heap before
{Heap before GC invocations=25 (full 0):
 garbage-first heap   total 278528K, used 180965K [0x00000000e0000000, 0x0000000100000000)
  region size 1024K, 27 young (27648K), 8 survivors (8192K)
 Metaspace       used 76670K, capacity 78066K, committed 78544K, reserved 323584K
  class space    used 9595K, capacity 9939K, committed 10112K, reserved 253952K
}
Event: 4855.922 GC heap after
{Heap after GC invocations=26 (full 0):
 garbage-first heap   total 278528K, used 162319K [0x00000000e0000000, 0x0000000100000000)
  region size 1024K, 2 young (2048K), 2 survivors (2048K)
 Metaspace       used 76670K, capacity 78066K, committed 78544K, reserved 323584K
  class space    used 9595K, capacity 9939K, committed 10112K, reserved 253952K
}
Event: 4862.789 GC heap before
{Heap before GC invocations=27 (full 0):
 garbage-first heap   total 278528K, used 237071K [0x00000000e0000000, 0x0000000100000000)
  region size 1024K, 76 young (77824K), 2 survivors (2048K)
 Metaspace       used 86009K, capacity 87452K, committed 88016K, reserved 331776K
  class space    used 10821K, capacity 11214K, committed 11392K, reserved 253952K
}
Event: 4862.796 GC heap after
{Heap after GC invocations=28 (full 0):
 garbage-first heap   total 278528K, used 165687K [0x00000000e0000000, 0x0000000100000000)
  region size 1024K, 5 young (5120K), 5 survivors (5120K)
 Metaspace       used 86009K, capacity 87452K, committed 88016K, reserved 331776K
  class space    used 10821K, capacity 11214K, committed 11392K, reserved 253952K
}
Event: 4863.086 GC heap before
{Heap before GC invocations=28 (full 0):
 garbage-first heap   total 278528K, used 238391K [0x00000000e0000000, 0x0000000100000000)
  region size 1024K, 76 young (77824K), 5 survivors (5120K)
 Metaspace       used 86015K, capacity 87452K, committed 88016K, reserved 331776K
  class space    used 10821K, capacity 11214K, committed 11392K, reserved 253952K
}
Event: 4863.090 GC heap after
{Heap after GC invocations=29 (full 0):
 garbage-first heap   total 278528K, used 165429K [0x00000000e0000000, 0x0000000100000000)
  region size 1024K, 5 young (5120K), 5 survivors (5120K)
 Metaspace       used 86015K, capacity 87452K, committed 88016K, reserved 331776K
  class space    used 10821K, capacity 11214K, committed 11392K, reserved 253952K
}
Event: 4863.567 GC heap before
{Heap before GC invocations=30 (full 0):
 garbage-first heap   total 296960K, used 239157K [0x00000000e0000000, 0x0000000100000000)
  region size 1024K, 77 young (78848K), 5 survivors (5120K)
 Metaspace       used 85686K, capacity 86938K, committed 88016K, reserved 331776K
  class space    used 10754K, capacity 11096K, committed 11392K, reserved 253952K
}
Event: 4863.572 GC heap after
{Heap after GC invocations=31 (full 0):
 garbage-first heap   total 296960K, used 165665K [0x00000000e0000000, 0x0000000100000000)
  region size 1024K, 5 young (5120K), 5 survivors (5120K)
 Metaspace       used 85686K, capacity 86938K, committed 88016K, reserved 331776K
  class space    used 10754K, capacity 11096K, committed 11392K, reserved 253952K
}
Event: 4863.604 GC heap before
{Heap before GC invocations=31 (full 0):
 garbage-first heap   total 296960K, used 174881K [0x00000000e0000000, 0x0000000100000000)
  region size 1024K, 14 young (14336K), 5 survivors (5120K)
 Metaspace       used 85686K, capacity 86938K, committed 88016K, reserved 331776K
  class space    used 10754K, capacity 11096K, committed 11392K, reserved 253952K
}
Event: 4863.937 GC heap after
{Heap after GC invocations=32 (full 0):
 garbage-first heap   total 296960K, used 156446K [0x00000000e0000000, 0x0000000100000000)
  region size 1024K, 1 young (1024K), 1 survivors (1024K)
 Metaspace       used 85686K, capacity 86938K, committed 88016K, reserved 331776K
  class space    used 10754K, capacity 11096K, committed 11392K, reserved 253952K
}
Event: 4864.374 GC heap before
{Heap before GC invocations=32 (full 0):
 garbage-first heap   total 296960K, used 256798K [0x00000000e0000000, 0x0000000100000000)
  region size 1024K, 99 young (101376K), 1 survivors (1024K)
 Metaspace       used 85686K, capacity 86938K, committed 88016K, reserved 331776K
  class space    used 10754K, capacity 11096K, committed 11392K, reserved 253952K
}
Event: 4864.375 GC heap after
{Heap after GC invocations=33 (full 0):
 garbage-first heap   total 296960K, used 155662K [0x00000000e0000000, 0x0000000100000000)
  region size 1024K, 1 young (1024K), 1 survivors (1024K)
 Metaspace       used 85686K, capacity 86938K, committed 88016K, reserved 331776K
  class space    used 10754K, capacity 11096K, committed 11392K, reserved 253952K
}
Event: 4864.757 GC heap before
{Heap before GC invocations=34 (full 0):
 garbage-first heap   total 301056K, used 257038K [0x00000000e0000000, 0x0000000100000000)
  region size 1024K, 101 young (103424K), 1 survivors (1024K)
 Metaspace       used 85662K, capacity 86901K, committed 88016K, reserved 331776K
  class space    used 10743K, capacity 11081K, committed 11392K, reserved 253952K
}
Event: 4864.759 GC heap after
{Heap after GC invocations=35 (full 0):
 garbage-first heap   total 301056K, used 155655K [0x00000000e0000000, 0x0000000100000000)
  region size 1024K, 1 young (1024K), 1 survivors (1024K)
 Metaspace       used 85662K, capacity 86901K, committed 88016K, reserved 331776K
  class space    used 10743K, capacity 11081K, committed 11392K, reserved 253952K
}
Event: 4867.120 GC heap before
{Heap before GC invocations=35 (full 0):
 garbage-first heap   total 301056K, used 262151K [0x00000000e0000000, 0x0000000100000000)
  region size 1024K, 105 young (107520K), 1 survivors (1024K)
 Metaspace       used 86269K, capacity 87518K, committed 88528K, reserved 331776K
  class space    used 10786K, capacity 11115K, committed 11392K, reserved 253952K
}
Event: 4867.195 GC heap after
{Heap after GC invocations=36 (full 0):
 garbage-first heap   total 301056K, used 161548K [0x00000000e0000000, 0x0000000100000000)
  region size 1024K, 6 young (6144K), 6 survivors (6144K)
 Metaspace       used 86269K, capacity 87518K, committed 88528K, reserved 331776K
  class space    used 10786K, capacity 11115K, committed 11392K, reserved 253952K
}

